[debug] [2022-08-14T16:20:43.514Z] ----------------------------------------------------------------------
[debug] [2022-08-14T16:20:43.519Z] Command:       C:\Program Files\nodejs\node.exe C:\Users\Studio's\AppData\Roaming\npm\node_modules\firebase-tools\lib\bin\firebase.js init
[debug] [2022-08-14T16:20:43.521Z] CLI Version:   11.6.0
[debug] [2022-08-14T16:20:43.521Z] Platform:      win32
[debug] [2022-08-14T16:20:43.522Z] Node Version:  v16.16.0
[debug] [2022-08-14T16:20:43.528Z] Time:          Sun Aug 14 2022 19:20:43 GMT+0300 (East Africa Time)
[debug] [2022-08-14T16:20:43.528Z] ----------------------------------------------------------------------
[debug] 
[debug] [2022-08-14T16:20:43.560Z] > command requires scopes: ["email","openid","https://www.googleapis.com/auth/cloudplatformprojects.readonly","https://www.googleapis.com/auth/firebase","https://www.googleapis.com/auth/cloud-platform"]
[debug] [2022-08-14T16:20:43.562Z] > authorizing via signed-in user (kipenkahq@gmail.com)
[info] 
     ######## #### ########  ######## ########     ###     ######  ########
     ##        ##  ##     ## ##       ##     ##  ##   ##  ##       ##
     ######    ##  ########  ######   ########  #########  ######  ######
     ##        ##  ##    ##  ##       ##     ## ##     ##       ## ##
     ##       #### ##     ## ######## ########  ##     ##  ######  ########

You're about to initialize a Firebase project in this directory:

  D:\WEBSITE\nipedilistore

[info] 
=== Project Setup
[info] 
[info] First, let's associate this project directory with a Firebase project.
[info] You can create multiple project aliases by running firebase use --add, 
[info] but for now we'll just set up a default project.
[info] 
[debug] [2022-08-14T16:24:47.605Z] > refreshing access token with scopes: []
[debug] [2022-08-14T16:24:47.612Z] >>> [apiv2][query] POST https://www.googleapis.com/oauth2/v3/token [none]
[debug] [2022-08-14T16:24:47.612Z] >>> [apiv2][body] POST https://www.googleapis.com/oauth2/v3/token [omitted]
[debug] [2022-08-14T16:24:48.544Z] <<< [apiv2][status] POST https://www.googleapis.com/oauth2/v3/token 200
[debug] [2022-08-14T16:24:48.545Z] <<< [apiv2][body] POST https://www.googleapis.com/oauth2/v3/token [omitted]
[debug] [2022-08-14T16:24:48.575Z] >>> [apiv2][query] GET https://firebase.googleapis.com/v1beta1/projects pageSize=100
[debug] [2022-08-14T16:24:49.668Z] <<< [apiv2][status] GET https://firebase.googleapis.com/v1beta1/projects 200
[debug] [2022-08-14T16:24:49.668Z] <<< [apiv2][body] GET https://firebase.googleapis.com/v1beta1/projects [omitted]
[info] i  Using project nipedili-store-43b65 (nipedili store) 
[info] 
=== Hosting Setup
[info] 
[info] Your public directory is the folder (relative to your project directory) that
[info] will contain Hosting assets to be uploaded with firebase deploy. If you
[info] have a build process for your assets, use your build's output directory.
[info] 
